BinMake
D:C:\Users
D:C:\Users\Steve
D:C:\Users\Steve\workspace
D:C:\Users\Steve\workspace\JANFUTOOLS
D:C:\Users\Steve\workspace\JANFUTOOLS\uploadUtility
D:C:\Users\Steve\workspace\JANFUTOOLS\uploadUtility\tools
D:C:\Users\Steve\workspace\JANFUTOOLS\uploadUtility\tools\BinMake
D:C:\Users\Steve\workspace\JANFUTOOLS\uploadUtility\tools\BinMake\binarize
D:C:\Users\Steve\workspace\JANFUTOOLS\uploadUtility\tools\BinMake\binarize\bin
F:C:\Users\Steve\workspace\JANFUTOOLS\uploadUtility\tools\BinMake\.\binarize\bin\abel.h
F:C:\Users\Steve\workspace\JANFUTOOLS\uploadUtility\tools\BinMake\.\binarize\bin\abel.hpp
F:C:\Users\Steve\workspace\JANFUTOOLS\uploadUtility\tools\BinMake\.\binarize\bin\cain.h
F:C:\Users\Steve\workspace\JANFUTOOLS\uploadUtility\tools\BinMake\.\binarize\bin\cain.hpp
F:C:\Users\Steve\workspace\JANFUTOOLS\uploadUtility\tools\BinMake\.\binarize\bin\cfgCoreData.hpp
F:C:\Users\Steve\workspace\JANFUTOOLS\uploadUtility\tools\BinMake\.\binarize\bin\cfgFont.hpp
F:C:\Users\Steve\workspace\JANFUTOOLS\uploadUtility\tools\BinMake\.\binarize\bin\cfgInventory.hpp
F:C:\Users\Steve\workspace\JANFUTOOLS\uploadUtility\tools\BinMake\.\binarize\bin\cfgKB.hpp
F:C:\Users\Steve\workspace\JANFUTOOLS\uploadUtility\tools\BinMake\.\binarize\bin\cfgLight.hpp
F:C:\Users\Steve\workspace\JANFUTOOLS\uploadUtility\tools\BinMake\.\binarize\bin\cfgMaterials.hpp
F:C:\Users\Steve\workspace\JANFUTOOLS\uploadUtility\tools\BinMake\.\binarize\bin\cfgModels.hpp
F:C:\Users\Steve\workspace\JANFUTOOLS\uploadUtility\tools\BinMake\.\binarize\bin\cfgMoves.hpp
F:C:\Users\Steve\workspace\JANFUTOOLS\uploadUtility\tools\BinMake\.\binarize\bin\cfgSkeletons.hpp
F:C:\Users\Steve\workspace\JANFUTOOLS\uploadUtility\tools\BinMake\.\binarize\bin\cfgSkill.hpp
F:C:\Users\Steve\workspace\JANFUTOOLS\uploadUtility\tools\BinMake\.\binarize\bin\cfgUI.hpp
F:C:\Users\Steve\workspace\JANFUTOOLS\uploadUtility\tools\BinMake\.\binarize\bin\cfgVehicles.hpp
F:C:\Users\Steve\workspace\JANFUTOOLS\uploadUtility\tools\BinMake\.\binarize\bin\cfgVoice.hpp
F:C:\Users\Steve\workspace\JANFUTOOLS\uploadUtility\tools\BinMake\.\binarize\bin\cfgWeapons.hpp
F:C:\Users\Steve\workspace\JANFUTOOLS\uploadUtility\tools\BinMake\.\binarize\bin\cfgWorlds.hpp
F:C:\Users\Steve\workspace\JANFUTOOLS\uploadUtility\tools\BinMake\.\binarize\bin\cfgXbox.hpp
F:C:\Users\Steve\workspace\JANFUTOOLS\uploadUtility\tools\BinMake\.\binarize\bin\civiliannames.hpp
F:C:\Users\Steve\workspace\JANFUTOOLS\uploadUtility\tools\BinMake\.\binarize\bin\commonDefs.hpp
F:C:\Users\Steve\workspace\JANFUTOOLS\uploadUtility\tools\BinMake\.\binarize\bin\config.cpp
F:C:\Users\Steve\workspace\JANFUTOOLS\uploadUtility\tools\BinMake\.\binarize\bin\czechnames.hpp
F:C:\Users\Steve\workspace\JANFUTOOLS\uploadUtility\tools\BinMake\.\binarize\bin\dikCodes.h
F:C:\Users\Steve\workspace\JANFUTOOLS\uploadUtility\tools\BinMake\.\binarize\bin\eden.h
F:C:\Users\Steve\workspace\JANFUTOOLS\uploadUtility\tools\BinMake\.\binarize\bin\eden.hpp
F:C:\Users\Steve\workspace\JANFUTOOLS\uploadUtility\tools\BinMake\.\binarize\bin\englishnames.hpp
F:C:\Users\Steve\workspace\JANFUTOOLS\uploadUtility\tools\BinMake\.\binarize\bin\languages.hpp
F:C:\Users\Steve\workspace\JANFUTOOLS\uploadUtility\tools\BinMake\.\binarize\bin\manActions.hpp
F:C:\Users\Steve\workspace\JANFUTOOLS\uploadUtility\tools\BinMake\.\binarize\bin\minimal.h
F:C:\Users\Steve\workspace\JANFUTOOLS\uploadUtility\tools\BinMake\.\binarize\bin\minimal.hpp
F:C:\Users\Steve\workspace\JANFUTOOLS\uploadUtility\tools\BinMake\.\binarize\bin\psvs.h
F:C:\Users\Steve\workspace\JANFUTOOLS\uploadUtility\tools\BinMake\.\binarize\bin\resincl.hpp
F:C:\Users\Steve\workspace\JANFUTOOLS\uploadUtility\tools\BinMake\.\binarize\bin\resource.hpp
F:C:\Users\Steve\workspace\JANFUTOOLS\uploadUtility\tools\BinMake\.\binarize\bin\rscCommon.hpp
F:C:\Users\Steve\workspace\JANFUTOOLS\uploadUtility\tools\BinMake\.\binarize\bin\rscDialog.hpp
F:C:\Users\Steve\workspace\JANFUTOOLS\uploadUtility\tools\BinMake\.\binarize\bin\rscIGUI.hpp
F:C:\Users\Steve\workspace\JANFUTOOLS\uploadUtility\tools\BinMake\.\binarize\bin\rscMenu.hpp
F:C:\Users\Steve\workspace\JANFUTOOLS\uploadUtility\tools\BinMake\.\binarize\bin\rscMP.hpp
F:C:\Users\Steve\workspace\JANFUTOOLS\uploadUtility\tools\BinMake\.\binarize\bin\rscScreen.hpp
F:C:\Users\Steve\workspace\JANFUTOOLS\uploadUtility\tools\BinMake\.\binarize\bin\rscWizard.hpp
F:C:\Users\Steve\workspace\JANFUTOOLS\uploadUtility\tools\BinMake\.\binarize\bin\rscXbox.hpp
F:C:\Users\Steve\workspace\JANFUTOOLS\uploadUtility\tools\BinMake\.\binarize\bin\russiannames.hpp
F:C:\Users\Steve\workspace\JANFUTOOLS\uploadUtility\tools\BinMake\.\binarize\bin\sp_sentences.hpp
F:C:\Users\Steve\workspace\JANFUTOOLS\uploadUtility\tools\BinMake\.\binarize\bin\stringtable.csv
F:C:\Users\Steve\workspace\JANFUTOOLS\uploadUtility\tools\BinMake\.\binarize\bin\Stringtable.Czech.csv
F:C:\Users\Steve\workspace\JANFUTOOLS\uploadUtility\tools\BinMake\.\binarize\bin\stringtable.Korean.csv
F:C:\Users\Steve\workspace\JANFUTOOLS\uploadUtility\tools\BinMake\.\binarize\bin\Stringtable_For_Translation.csv
F:C:\Users\Steve\workspace\JANFUTOOLS\uploadUtility\tools\BinMake\.\binarize\bin\Stringtable_Translation.csv
F:C:\Users\Steve\workspace\JANFUTOOLS\uploadUtility\tools\BinMake\.\binarize\bin\stringtableConfig.csv
F:C:\Users\Steve\workspace\JANFUTOOLS\uploadUtility\tools\BinMake\.\binarize\bin\stringtableRadio.csv
F:C:\Users\Steve\workspace\JANFUTOOLS\uploadUtility\tools\BinMake\.\binarize\bin\stringtableUI.csv
F:C:\Users\Steve\workspace\JANFUTOOLS\uploadUtility\tools\BinMake\.\binarize\bin\stringtableXbox.csv
F:C:\Users\Steve\workspace\JANFUTOOLS\uploadUtility\tools\BinMake\.\binarize\bin\userActionGroups.hpp
F:C:\Users\Steve\workspace\JANFUTOOLS\uploadUtility\tools\BinMake\.\binarize\bin\wounds.hpp
F:C:\Users\Steve\workspace\JANFUTOOLS\uploadUtility\tools\BinMake\.\binarize\bin\woundsFace.hpp
F:C:\Users\Steve\workspace\JANFUTOOLS\uploadUtility\tools\BinMake\.\binarize\binarize.exe
F:C:\Users\Steve\workspace\JANFUTOOLS\uploadUtility\tools\BinMake\.\binarize\readme.txt
F:C:\Users\Steve\workspace\JANFUTOOLS\uploadUtility\tools\BinMake\.\binMake.exe
F:C:\Users\Steve\workspace\JANFUTOOLS\uploadUtility\tools\BinMake\.\binMakeRules.txt
D:C:\Users\Steve\workspace\JANFUTOOLS\uploadUtility\tools\BinMake\cfgconvert
F:C:\Users\Steve\workspace\JANFUTOOLS\uploadUtility\tools\BinMake\.\cfgconvert\CfgConvert.exe
F:C:\Users\Steve\workspace\JANFUTOOLS\uploadUtility\tools\BinMake\.\cfgconvert\readme.txt
D:C:\Users\Steve\workspace\JANFUTOOLS\uploadUtility\tools\BinMake\cfgconvertfilechng
F:C:\Users\Steve\workspace\JANFUTOOLS\uploadUtility\tools\BinMake\.\cfgconvertfilechng\CfgConvertFileChng.exe
F:C:\Users\Steve\workspace\JANFUTOOLS\uploadUtility\tools\BinMake\.\cfgconvertfilechng\readme.txt
F:C:\Users\Steve\workspace\JANFUTOOLS\uploadUtility\tools\BinMake\.\makeRules.bat
D:C:\Users\Steve\workspace\JANFUTOOLS\uploadUtility\tools\BinMake\Pal2PacE
F:C:\Users\Steve\workspace\JANFUTOOLS\uploadUtility\tools\BinMake\.\Pal2PacE\Pal2PacE.exe
F:C:\Users\Steve\workspace\JANFUTOOLS\uploadUtility\tools\BinMake\.\Pal2PacE\readme.txt
F:C:\Users\Steve\workspace\JANFUTOOLS\uploadUtility\tools\BinMake\.\Pal2PacE\TexConvert.cfg
F:C:\Users\Steve\workspace\JANFUTOOLS\uploadUtility\tools\BinMake\.\readme.txt
F:C:\Users\Steve\workspace\JANFUTOOLS\uploadUtility\tools\BinMake\.\Uninstall.csv
F:C:\Users\Steve\workspace\JANFUTOOLS\uploadUtility\tools\BinMake\.\UnInstall.exe
F:C:\Users\Steve\workspace\JANFUTOOLS\uploadUtility\tools\BinMake\makeRules.bat
D:C:\Users\Steve\AppData
D:C:\Users\Steve\AppData\Roaming
D:C:\Users\Steve\AppData\Roaming\Microsoft
D:C:\Users\Steve\AppData\Roaming\Microsoft\Windows
D:C:\Users\Steve\AppData\Roaming\Microsoft\Windows\Start Menu
D:C:\Users\Steve\AppData\Roaming\Microsoft\Windows\Start Menu\Programs
D:C:\Users\Steve\AppData\Roaming\Microsoft\Windows\Start Menu\Programs\Bohemia Interactive
D:C:\Users\Steve\AppData\Roaming\Microsoft\Windows\Start Menu\Programs\Bohemia Interactive\Tools
D:C:\Users\Steve\AppData\Roaming\Microsoft\Windows\Start Menu\Programs\Bohemia Interactive\Tools\BinMake
F:C:\Users\Steve\AppData\Roaming\Microsoft\Windows\Start Menu\Programs\Bohemia Interactive\Tools\BinMake\Uninstall BinMake.lnk
F:C:\Users\Steve\AppData\Roaming\Microsoft\Windows\Start Menu\Programs\Bohemia Interactive\Tools\BinMake\Show ReadMe file.lnk
K:Software\Microsoft\Windows\CurrentVersion\Uninstall\BinMake
K:Software\Bohemia Interactive\BinMake
K:SOFTWARE\BIStudio\BinMake
K:SOFTWARE\BIStudio\Binarize
K:SOFTWARE\BIStudio\CfgConvert
K:SOFTWARE\BIStudio\TextureConvert
F:C:\Users\Steve\workspace\JANFUTOOLS\uploadUtility\tools\BinMake\UnInstall.log
